{"message":"Mongoose default connection opened","level":"info"}
{"message":"Connecting to MongoDB client...","level":"info"}
{"message":"Application Initializing","level":"info"}
{"message":"Created app","level":"info"}
{"message":"httpServer created","level":"info"}
{"message":"Sravz Portfolio: vagrant application starting on http port: 3031","level":"info"}
{"message":"Starting socket io","level":"info"}
{"message":"Redis config used: {\"port\":6379,\"host\":\"redis-secondary\",\"db\":0,\"password\":\"***\"}","level":"info"}
{"message":"Connecting to Redis","level":"info"}
{"error":{"errno":-3001,"code":"EAI_AGAIN","syscall":"getaddrinfo","hostname":"nsqd-2"},"level":"error","message":"uncaughtException: getaddrinfo EAI_AGAIN nsqd-2\nError: getaddrinfo EAI_AGAIN nsqd-2\n    at GetAddrInfoReqWrap.onlookup [as oncomplete] (node:dns:107:26)\n    at GetAddrInfoReqWrap.callbackTrampoline (node:internal/async_hooks:130:17)","stack":"Error: getaddrinfo EAI_AGAIN nsqd-2\n    at GetAddrInfoReqWrap.onlookup [as oncomplete] (node:dns:107:26)\n    at GetAddrInfoReqWrap.callbackTrampoline (node:internal/async_hooks:130:17)","exception":true,"date":"Mon May 22 2023 21:32:03 GMT+0000 (Coordinated Universal Time)","process":{"pid":13245,"uid":0,"gid":0,"cwd":"/workspace/backend-node","execPath":"/usr/local/bin/node","version":"v18.12.1","argv":["/usr/local/bin/node","/workspace/backend-node/server.js"],"memoryUsage":{"rss":145309696,"heapTotal":84762624,"heapUsed":60975656,"external":38272173,"arrayBuffers":37315291}},"os":{"loadavg":[2.3,3.57,2.51],"uptime":2919610.28},"trace":[{"column":26,"file":"node:dns","function":"GetAddrInfoReqWrap.onlookup [as oncomplete]","line":107,"method":"onlookup [as oncomplete]","native":false},{"column":17,"file":"node:internal/async_hooks","function":"GetAddrInfoReqWrap.callbackTrampoline","line":130,"method":"callbackTrampoline","native":false}]}
{"message":"Mongoose default connection opened","level":"info"}
{"message":"Connecting to MongoDB client...","level":"info"}
{"message":"Application Initializing","level":"info"}
{"message":"Created app","level":"info"}
{"message":"httpServer created","level":"info"}
{"message":"Sravz Portfolio: vagrant application starting on http port: 3031","level":"info"}
{"message":"Starting socket io","level":"info"}
{"message":"Redis config used: {\"port\":6379,\"host\":\"redis-secondary2\",\"db\":0,\"password\":\"***\"}","level":"info"}
{"message":"Connecting to Redis","level":"info"}
{"error":{"code":"EADDRINUSE","errno":-98,"syscall":"listen","address":"::","port":3031},"level":"error","message":"uncaughtException: listen EADDRINUSE: address already in use :::3031\nError: listen EADDRINUSE: address already in use :::3031\n    at Server.setupListenHandle [as _listen2] (node:net:1485:16)\n    at listenInCluster (node:net:1533:12)\n    at Server.listen (node:net:1621:7)\n    at NativeConnection.<anonymous> (/workspace/backend-node/server.js:139:25)\n    at NativeConnection.emit (node:events:513:28)\n    at NativeConnection.set (/workspace/backend-node/node_modules/mongoose/lib/connection.js:128:12)\n    at _setClient (/workspace/backend-node/node_modules/mongoose/lib/connection.js:939:19)\n    at /workspace/backend-node/node_modules/mongoose/lib/connection.js:794:7\n    at /workspace/backend-node/node_modules/mongodb/lib/utils.js:674:5\n    at /workspace/backend-node/node_modules/mongodb/lib/mongo_client.js:225:7\n    at connectCallback (/workspace/backend-node/node_modules/mongodb/lib/operations/connect.js:366:5)\n    at /workspace/backend-node/node_modules/mongodb/lib/operations/connect.js:459:5\n    at Server.connectHandler (/workspace/backend-node/node_modules/mongodb/lib/topologies/server.js:291:9)\n    at Object.onceWrapper (node:events:628:26)\n    at Server.emit (node:events:513:28)\n    at Pool.<anonymous> (/workspace/backend-node/node_modules/mongodb/lib/core/topologies/server.js:384:12)","stack":"Error: listen EADDRINUSE: address already in use :::3031\n    at Server.setupListenHandle [as _listen2] (node:net:1485:16)\n    at listenInCluster (node:net:1533:12)\n    at Server.listen (node:net:1621:7)\n    at NativeConnection.<anonymous> (/workspace/backend-node/server.js:139:25)\n    at NativeConnection.emit (node:events:513:28)\n    at NativeConnection.set (/workspace/backend-node/node_modules/mongoose/lib/connection.js:128:12)\n    at _setClient (/workspace/backend-node/node_modules/mongoose/lib/connection.js:939:19)\n    at /workspace/backend-node/node_modules/mongoose/lib/connection.js:794:7\n    at /workspace/backend-node/node_modules/mongodb/lib/utils.js:674:5\n    at /workspace/backend-node/node_modules/mongodb/lib/mongo_client.js:225:7\n    at connectCallback (/workspace/backend-node/node_modules/mongodb/lib/operations/connect.js:366:5)\n    at /workspace/backend-node/node_modules/mongodb/lib/operations/connect.js:459:5\n    at Server.connectHandler (/workspace/backend-node/node_modules/mongodb/lib/topologies/server.js:291:9)\n    at Object.onceWrapper (node:events:628:26)\n    at Server.emit (node:events:513:28)\n    at Pool.<anonymous> (/workspace/backend-node/node_modules/mongodb/lib/core/topologies/server.js:384:12)","exception":true,"date":"Mon May 22 2023 21:32:12 GMT+0000 (Coordinated Universal Time)","process":{"pid":13363,"uid":0,"gid":0,"cwd":"/workspace/backend-node","execPath":"/usr/local/bin/node","version":"v18.12.1","argv":["/usr/local/bin/node","/workspace/backend-node/server.js"],"memoryUsage":{"rss":144912384,"heapTotal":84434944,"heapUsed":60622896,"external":38141663,"arrayBuffers":37184781}},"os":{"loadavg":[2.74,3.62,2.54],"uptime":2919619.44},"trace":[{"column":16,"file":"node:net","function":"Server.setupListenHandle [as _listen2]","line":1485,"method":"setupListenHandle [as _listen2]","native":false},{"column":12,"file":"node:net","function":"listenInCluster","line":1533,"method":null,"native":false},{"column":7,"file":"node:net","function":"Server.listen","line":1621,"method":"listen","native":false},{"column":25,"file":"/workspace/backend-node/server.js","function":null,"line":139,"method":null,"native":false},{"column":28,"file":"node:events","function":"NativeConnection.emit","line":513,"method":"emit","native":false},{"column":12,"file":"/workspace/backend-node/node_modules/mongoose/lib/connection.js","function":"NativeConnection.set","line":128,"method":"set","native":false},{"column":19,"file":"/workspace/backend-node/node_modules/mongoose/lib/connection.js","function":"_setClient","line":939,"method":null,"native":false},{"column":7,"file":"/workspace/backend-node/node_modules/mongoose/lib/connection.js","function":null,"line":794,"method":null,"native":false},{"column":5,"file":"/workspace/backend-node/node_modules/mongodb/lib/utils.js","function":null,"line":674,"method":null,"native":false},{"column":7,"file":"/workspace/backend-node/node_modules/mongodb/lib/mongo_client.js","function":null,"line":225,"method":null,"native":false},{"column":5,"file":"/workspace/backend-node/node_modules/mongodb/lib/operations/connect.js","function":"connectCallback","line":366,"method":null,"native":false},{"column":5,"file":"/workspace/backend-node/node_modules/mongodb/lib/operations/connect.js","function":null,"line":459,"method":null,"native":false},{"column":9,"file":"/workspace/backend-node/node_modules/mongodb/lib/topologies/server.js","function":"Server.connectHandler","line":291,"method":"connectHandler","native":false},{"column":26,"file":"node:events","function":"Object.onceWrapper","line":628,"method":"onceWrapper","native":false},{"column":28,"file":"node:events","function":"Server.emit","line":513,"method":"emit","native":false},{"column":12,"file":"/workspace/backend-node/node_modules/mongodb/lib/core/topologies/server.js","function":null,"line":384,"method":null,"native":false}]}
{"message":"Mongoose default connection opened","level":"info"}
{"message":"Connecting to MongoDB client...","level":"info"}
{"message":"Application Initializing","level":"info"}
{"message":"Created app","level":"info"}
{"message":"httpServer created","level":"info"}
{"message":"Sravz Portfolio: vagrant application starting on http port: 3031","level":"info"}
{"message":"Starting socket io","level":"info"}
{"message":"Redis config used: {\"port\":6379,\"host\":\"redis-secondary2\",\"db\":0,\"password\":\"***\"}","level":"info"}
{"message":"Connecting to Redis","level":"info"}
{"error":{"errno":-3001,"code":"EAI_AGAIN","syscall":"getaddrinfo","hostname":"nsqd-1"},"level":"error","message":"uncaughtException: getaddrinfo EAI_AGAIN nsqd-1\nError: getaddrinfo EAI_AGAIN nsqd-1\n    at GetAddrInfoReqWrap.onlookup [as oncomplete] (node:dns:107:26)\n    at GetAddrInfoReqWrap.callbackTrampoline (node:internal/async_hooks:130:17)","stack":"Error: getaddrinfo EAI_AGAIN nsqd-1\n    at GetAddrInfoReqWrap.onlookup [as oncomplete] (node:dns:107:26)\n    at GetAddrInfoReqWrap.callbackTrampoline (node:internal/async_hooks:130:17)","exception":true,"date":"Mon May 22 2023 21:36:28 GMT+0000 (Coordinated Universal Time)","process":{"pid":16049,"uid":0,"gid":0,"cwd":"/workspace/backend-node","execPath":"/usr/local/bin/node","version":"v18.12.1","argv":["/usr/local/bin/node","/workspace/backend-node/server.js"],"memoryUsage":{"rss":150130688,"heapTotal":86675456,"heapUsed":57812288,"external":37368990,"arrayBuffers":36412108}},"os":{"loadavg":[1.66,2.37,2.26],"uptime":2919875.97},"trace":[{"column":26,"file":"node:dns","function":"GetAddrInfoReqWrap.onlookup [as oncomplete]","line":107,"method":"onlookup [as oncomplete]","native":false},{"column":17,"file":"node:internal/async_hooks","function":"GetAddrInfoReqWrap.callbackTrampoline","line":130,"method":"callbackTrampoline","native":false}]}
{"message":"Mongoose default connection opened","level":"info"}
{"message":"Connecting to MongoDB client...","level":"info"}
{"message":"Application Initializing","level":"info"}
{"message":"Created app","level":"info"}
{"message":"httpServer created","level":"info"}
{"message":"Sravz Portfolio: vagrant application starting on http port: 3031","level":"info"}
{"message":"Starting socket io","level":"info"}
{"message":"Redis config used: {\"port\":6379,\"host\":\"redis-secondary2\",\"db\":0,\"password\":\"***\"}","level":"info"}
{"message":"Connecting to Redis","level":"info"}
{"error":{"errno":-3001,"code":"EAI_AGAIN","syscall":"getaddrinfo","hostname":"nsqd-1"},"level":"error","message":"uncaughtException: getaddrinfo EAI_AGAIN nsqd-1\nError: getaddrinfo EAI_AGAIN nsqd-1\n    at GetAddrInfoReqWrap.onlookup [as oncomplete] (node:dns:107:26)\n    at GetAddrInfoReqWrap.callbackTrampoline (node:internal/async_hooks:130:17)","stack":"Error: getaddrinfo EAI_AGAIN nsqd-1\n    at GetAddrInfoReqWrap.onlookup [as oncomplete] (node:dns:107:26)\n    at GetAddrInfoReqWrap.callbackTrampoline (node:internal/async_hooks:130:17)","exception":true,"date":"Mon May 22 2023 21:37:13 GMT+0000 (Coordinated Universal Time)","process":{"pid":16501,"uid":0,"gid":0,"cwd":"/workspace/backend-node","execPath":"/usr/local/bin/node","version":"v18.12.1","argv":["/usr/local/bin/node","/workspace/backend-node/server.js"],"memoryUsage":{"rss":149688320,"heapTotal":86413312,"heapUsed":58225536,"external":37446723,"arrayBuffers":36489841}},"os":{"loadavg":[1.39,2.18,2.2],"uptime":2919920.24},"trace":[{"column":26,"file":"node:dns","function":"GetAddrInfoReqWrap.onlookup [as oncomplete]","line":107,"method":"onlookup [as oncomplete]","native":false},{"column":17,"file":"node:internal/async_hooks","function":"GetAddrInfoReqWrap.callbackTrampoline","line":130,"method":"callbackTrampoline","native":false}]}
